[05.5.15 17:21:07] ACCESS GET / 404 1553 - 15.409 ms
[05.5.15 17:21:07] ACCESS GET /favicon.ico 404 1553 - 7.409 ms
[05.5.15 17:21:23] ACCESS GET / 404 2065 - 141.663 ms
[05.5.15 17:21:46] ACCESS GET /api/short-cards 404 25 - 3.638 ms
[05.5.15 17:22:17] ACCESS GET /api/api/short-cards - - - - ms
[05.5.15 17:22:17] ACCESS GET /api/short-cards 404 25 - 2.532 ms
[05.5.15 17:22:17] ACCESS GET /favicon.ico 404 2065 - 37.495 ms
[05.5.15 17:22:17] ACCESS GET /favicon.ico 404 2065 - 11.823 ms
[05.5.15 17:23:03] ACCESS GET /api/short-cards 404 25 - 9.752 ms
[05.5.15 17:23:08] ACCESS GET / 404 1336 - 107.688 ms
[05.5.15 17:24:06] ACCESS GET / 404 208 - 131.446 ms
[05.5.15 17:24:06] ACCESS GET /styles/app.css 404 208 - 23.075 ms
[05.5.15 17:24:26] ACCESS GET /login 404 208 - 11.934 ms
[05.5.15 17:24:26] ACCESS GET /styles/app.css 404 208 - 8.560 ms
[05.5.15 17:24:29] ACCESS GET /api 404 25 - 3.281 ms
[05.5.15 17:24:34] ACCESS GET /api/short-cards 404 25 - 3.481 ms
[05.5.15 17:24:39] ACCESS GET /api/api/short-cards - - - - ms
[05.5.15 17:32:55] ACCESS GET /api/etps 404 25 - 2.036 ms
[05.5.15 17:34:30] ACCESS GET /api/etps 404 25 - 8.364 ms
[05.5.15 17:34:37] ACCESS GET /etps 404 208 - 128.768 ms
[05.5.15 17:34:37] ACCESS GET /styles/app.css 404 208 - 19.486 ms
[05.5.15 17:35:24] ACCESS GET /etps 404 208 - 136.026 ms
[05.5.15 17:35:24] ACCESS GET /styles/app.css 404 208 - 25.852 ms
[05.5.15 17:35:30] ACCESS GET /api/etps 404 25 - 3.563 ms
[05.5.15 17:35:45] ACCESS GET /test 404 208 - 20.266 ms
[05.5.15 17:35:45] ACCESS GET /styles/app.css 404 208 - 6.911 ms
[05.5.15 17:37:27] ACCESS GET /etps 404 208 - 10.331 ms
[05.5.15 17:37:27] ACCESS GET /styles/app.css 404 208 - 7.157 ms
[05.5.15 17:37:32] ACCESS GET /styles/app.css 404 208 - 7.744 ms
[05.5.15 17:37:33] ACCESS GET /etps 404 208 - 6.569 ms
[05.5.15 17:37:33] ACCESS GET /styles/app.css 404 208 - 6.192 ms
[05.5.15 17:43:01] ACCESS GET /etps 404 208 - 142.742 ms
[05.5.15 17:43:02] ACCESS GET /styles/app.css 404 208 - 37.097 ms
[05.5.15 17:43:09] ACCESS GET /api/etps 404 25 - 2.011 ms
[05.5.15 17:44:23] ACCESS GET /api/etps 404 25 - 8.437 ms
[05.5.15 17:44:31] ACCESS GET /etps 404 208 - 134.655 ms
[05.5.15 17:44:31] ACCESS GET /styles/app.css 404 208 - 26.315 ms
[05.5.15 17:44:57] ACCESS GET /api/etps 404 25 - 10.242 ms
[05.5.15 17:44:58] ACCESS GET /api/etps 404 25 - 4.137 ms
[05.5.15 17:45:17] ACCESS GET /api/etps 404 25 - 10.231 ms
[05.5.15 17:45:27] ACCESS GET /api/etps 404 25 - 9.111 ms
[05.5.15 17:47:10] ACCESS GET /api/etps 404 25 - 3.235 ms
[05.5.15 17:47:28] ACCESS GET /api/api/etps 404 25 - 1.367 ms
[05.5.15 17:47:32] ACCESS GET /api/api/api/etps 404 25 - 1.512 ms
[05.5.15 17:47:55] ACCESS GET /api/etps 404 25 - 12.257 ms
[05.5.15 17:47:57] ACCESS GET /etps 404 25 - 1.508 ms
[05.5.15 17:47:58] ACCESS GET /etps 404 25 - 1.070 ms
[05.5.15 17:48:44] ACCESS GET /etps 404 25 - 1.315 ms
[05.5.15 17:48:44] ACCESS GET /etps 404 25 - 5.789 ms
[06.5.15 09:43:03] ACCESS GET /api/etps 404 208 - 1599.254 ms
[06.5.15 09:43:03] ACCESS GET /styles/app.css 404 208 - 19.070 ms
[06.5.15 09:43:04] ACCESS GET /favicon.ico 404 208 - 9.401 ms
[06.5.15 09:43:08] ACCESS GET /api 404 208 - 4.761 ms
[06.5.15 09:43:09] ACCESS GET /styles/app.css 404 208 - 8.780 ms
[06.5.15 09:43:12] ACCESS GET /api/etps 404 208 - 5.838 ms
[06.5.15 09:43:12] ACCESS GET /styles/app.css 404 208 - 5.912 ms
[06.5.15 09:43:16] ACCESS GET /styles/app.css 404 208 - 4.011 ms
[06.5.15 09:43:26] ACCESS GET /api/etps 404 208 - 6.852 ms
[06.5.15 09:43:26] ACCESS GET /styles/app.css 404 208 - 14.249 ms
[06.5.15 09:44:09] ACCESS GET /api/etps 404 208 - 122.513 ms
[06.5.15 09:44:09] ACCESS GET /styles/app.css 404 208 - 29.139 ms
[06.5.15 09:45:10] ACCESS GET /api/etps 404 208 - 122.100 ms
[06.5.15 09:45:10] ACCESS GET /styles/app.css 404 208 - 23.571 ms
[06.5.15 09:46:02] ACCESS GET /api/etps 404 208 - 123.755 ms
[06.5.15 09:46:02] ACCESS GET /styles/app.css 404 208 - 27.034 ms
[06.5.15 09:46:10] ACCESS GET /etps 404 208 - 9.457 ms
[06.5.15 09:46:11] ACCESS GET /styles/app.css 404 208 - 5.483 ms
[06.5.15 09:46:24] ACCESS GET /api/etps 404 208 - 122.334 ms
[06.5.15 09:46:24] ACCESS GET /styles/app.css 404 208 - 31.228 ms
[06.5.15 09:46:27] ACCESS GET /etps 404 208 - 12.295 ms
[06.5.15 09:46:27] ACCESS GET /styles/app.css 404 208 - 6.247 ms
[06.5.15 09:46:28] ACCESS GET /etps 404 208 - 11.232 ms
[06.5.15 09:46:28] ACCESS GET /styles/app.css 404 208 - 7.268 ms
[06.5.15 09:48:14] ACCESS GET /api/etps 404 208 - 6.440 ms
[06.5.15 09:48:14] ACCESS GET /styles/app.css 404 208 - 10.148 ms
[06.5.15 10:18:02] ACCESS GET / 404 208 - 6.457 ms
[06.5.15 10:18:03] ACCESS GET /styles/app.css 404 208 - 9.477 ms
[06.5.15 10:45:09] ACCESS GET /api/ololo 304 - - 11.185 ms
[06.5.15 10:45:16] ACCESS GET /api/ololo 404 208 - 128.756 ms
[06.5.15 10:45:17] ACCESS GET /styles/app.css 404 208 - 35.530 ms
[06.5.15 10:45:17] ACCESS GET /api/ololo 404 208 - 18.567 ms
[06.5.15 10:45:18] ACCESS GET /styles/app.css 404 208 - 4.527 ms
[06.5.15 10:45:21] ACCESS GET /api/ololo 200 18 - 10.993 ms
[06.5.15 10:45:40] ACCESS GET /api/ololo 404 22 - 10.034 ms
[06.5.15 10:45:48] ACCESS GET /api/etps 404 21 - 4.778 ms
[06.5.15 10:46:02] ACCESS GET /api/etps - - - - ms
[06.5.15 10:46:12] ACCESS GET /api/etps - - - - ms
[06.5.15 10:50:46] ACCESS GET /api/etps 500 3869 - 9.940 ms
[06.5.15 10:50:57] ACCESS GET /api/etps - - - - ms
[06.5.15 10:50:57] ACCESS GET /api/etps 500 3667 - 10.697 ms
[06.5.15 10:50:59] ACCESS GET /api/etps 500 3667 - 2.742 ms
[06.5.15 10:51:19] ACCESS GET /api/etps - - - - ms
[06.5.15 10:51:19] ACCESS GET /api/etps 500 3668 - 8.680 ms
[06.5.15 10:51:51] ACCESS GET /api/etps 200 164 - 18.445 ms
[06.5.15 10:52:05] ACCESS GET /api/short-cards 200 20826 - 649.428 ms
[06.5.15 10:52:10] ACCESS GET /api/short-cards?render=true 200 37305 - 349.013 ms
[06.5.15 10:52:10] ACCESS GET /styles/app.css 404 27 - 2.263 ms
[06.5.15 10:59:03] ACCESS GET /api/short-cards?render=true 304 - - 308.057 ms
[06.5.15 10:59:03] ACCESS GET /styles/app.css 404 27 - 3.926 ms
[06.5.15 10:59:12] ACCESS GET /styles/main.css 200 - - 3.878 ms
[06.5.15 10:59:51] ACCESS GET /api/short-cards?render=true 200 37306 - 294.985 ms
[06.5.15 10:59:51] ACCESS GET /styles/main.css 200 725 - 4.321 ms
[06.5.15 11:01:03] ACCESS GET /api/short-cards?render=true 304 - - 301.165 ms
[06.5.15 11:01:03] ACCESS GET /styles/main.css 304 - - 5.136 ms
[06.5.15 11:01:25] ACCESS GET /api/short-cards?render=true 304 - - 301.213 ms
[06.5.15 11:01:25] ACCESS GET /styles/main.css 304 - - 3.051 ms
[06.5.15 11:01:46] ACCESS GET /api/short-cards?render=true 304 - - 297.073 ms
[06.5.15 11:01:46] ACCESS GET /styles/main.css 304 - - 3.346 ms
[06.5.15 11:15:55] ACCESS GET /api/short-cards?render=true 304 - - 327.219 ms
[06.5.15 11:15:55] ACCESS GET /styles/main.css 200 725 - 7.232 ms
[06.5.15 11:15:56] ACCESS GET /api/short-cards?render=true 304 - - 126.010 ms
[06.5.15 11:15:56] ACCESS GET /styles/main.css 304 - - 3.213 ms
[06.5.15 11:15:57] ACCESS GET /api/short-cards?render=true 304 - - 109.609 ms
[06.5.15 11:15:57] ACCESS GET /styles/main.css 304 - - 1.709 ms
[06.5.15 11:19:44] ACCESS GET /api/short-cards?render=true 304 - - 332.959 ms
[06.5.15 11:19:44] ACCESS GET /styles/main.css 200 725 - 4.292 ms
[06.5.15 11:19:44] ACCESS GET /favicon.ico 404 24 - 3.866 ms
[06.5.15 11:19:45] ACCESS GET /api/short-cards?render=true 304 - - 127.986 ms
[06.5.15 11:19:45] ACCESS GET /styles/main.css 304 - - 1.327 ms
[06.5.15 11:19:46] ACCESS GET /api/short-cards?render=true 304 - - 106.136 ms
[06.5.15 11:19:46] ACCESS GET /styles/main.css 304 - - 1.467 ms
[06.5.15 11:19:55] ACCESS GET /api/short-cards?render=true 304 - - 307.771 ms
[06.5.15 11:19:56] ACCESS GET /styles/main.css 200 725 - 4.861 ms
[06.5.15 11:19:57] ACCESS GET /api/short-cards?render=true 304 - - 118.255 ms
[06.5.15 11:19:57] ACCESS GET /styles/main.css 304 - - 2.623 ms
[06.5.15 11:20:09] ACCESS GET /login 404 18 - 2.514 ms
